<?xml version="1.0" encoding="UTF-8"?>
<!-- Generated by org.testng.reporters.JUnitReportReporter -->
<testsuite hostname="hp" failures="0" tests="4" name="my.iprice.qa.testcases.HomePageTest" time="23.064" errors="0" timestamp="2022-11-19T07:52:22 IST" skipped="0">
  <testcase classname="my.iprice.qa.testcases.HomePageTest" name="navigateToLaptopPage" time="18.534"/>
  <system-out/>
  <testcase classname="my.iprice.qa.testcases.HomePageTest" name="verifyLaptopPageDisplayed" time="0.093"/>
  <system-out/>
  <testcase classname="my.iprice.qa.testcases.HomePageTest" name="selectTheBrand" time="3.473"/>
  <system-out/>
  <testcase classname="my.iprice.qa.testcases.HomePageTest" name="verifyResult" time="0.964"/>
  <system-out/>
</testsuite> <!-- my.iprice.qa.testcases.HomePageTest -->
