<?xml version="1.0" encoding="UTF-8"?>
<!-- Generated by org.testng.reporters.JUnitReportReporter -->
<testsuite hostname="hp" failures="0" tests="1" name="my.iprice.qa.testcases.HomePageSearchTest" time="28.913" errors="0" timestamp="2022-11-19T14:35:07 IST" skipped="0">
  <testcase classname="my.iprice.qa.testcases.HomePageSearchTest" name="searchProduct" time="28.913"/>
  <system-out/>
</testsuite> <!-- my.iprice.qa.testcases.HomePageSearchTest -->
