<?xml version="1.0" encoding="UTF-8"?>
<!-- Generated by org.testng.reporters.JUnitReportReporter -->
<testsuite hostname="hp" failures="0" tests="3" name="my.iprice.qa.testcases.DressPageTest" time="224.350" errors="0" timestamp="2022-11-19T14:42:09 IST" skipped="0">
  <testcase classname="my.iprice.qa.testcases.DressPageTest" name="navigateToDressPage" time="120.270"/>
  <system-out/>
  <testcase classname="my.iprice.qa.testcases.DressPageTest" name="navigateToDressPage" time="97.372"/>
  <system-out/>
  <testcase classname="my.iprice.qa.testcases.DressPageTest" name="sortDescPrice" time="6.708"/>
  <system-out/>
</testsuite> <!-- my.iprice.qa.testcases.DressPageTest -->
